[ERROR] 2024-12-12 08:59:58.349 [main] Database - Exception
java.lang.NullPointerException: null
	at java.lang.Class.forName0(Native Method) ~[?:?]
	at java.lang.Class.forName(Class.java:315) ~[?:?]
	at onlineplanner.persistence.TaskDAO.Database.connect(Database.java:77) ~[test-classes/:?]
	at onlineplanner.persistence.TaskDAO.Database.runSQL(Database.java:111) ~[test-classes/:?]
	at onlineplanner.util.UserDAOTest.setUp(UserDAOTest.java:29) ~[test-classes/:?]
	at jdk.internal.reflect.NativeMethodAccessorImpl.invoke0(Native Method) ~[?:?]
	at jdk.internal.reflect.NativeMethodAccessorImpl.invoke(NativeMethodAccessorImpl.java:62) ~[?:?]
	at jdk.internal.reflect.DelegatingMethodAccessorImpl.invoke(DelegatingMethodAccessorImpl.java:43) ~[?:?]
	at java.lang.reflect.Method.invoke(Method.java:566) ~[?:?]
	at org.junit.platform.commons.util.ReflectionUtils.invokeMethod(ReflectionUtils.java:389) ~[junit-platform-commons-1.0.0.jar:1.0.0]
	at org.junit.jupiter.engine.execution.ExecutableInvoker.invoke(ExecutableInvoker.java:115) ~[junit-jupiter-engine-5.0.0.jar:5.0.0]
	at org.junit.jupiter.engine.descriptor.ClassTestDescriptor.invokeMethodInExtensionContext(ClassTestDescriptor.java:289) ~[junit-jupiter-engine-5.0.0.jar:5.0.0]
	at org.junit.jupiter.engine.descriptor.ClassTestDescriptor.lambda$synthesizeBeforeEachMethodAdapter$11(ClassTestDescriptor.java:277) ~[junit-jupiter-engine-5.0.0.jar:5.0.0]
	at org.junit.jupiter.engine.descriptor.TestMethodTestDescriptor.lambda$null$2(TestMethodTestDescriptor.java:132) ~[junit-jupiter-engine-5.0.0.jar:5.0.0]
	at org.junit.jupiter.engine.execution.ThrowableCollector.execute(ThrowableCollector.java:40) ~[junit-jupiter-engine-5.0.0.jar:5.0.0]
	at org.junit.jupiter.engine.descriptor.TestMethodTestDescriptor.invokeBeforeMethodsOrCallbacksUntilExceptionOccurs(TestMethodTestDescriptor.java:152) ~[junit-jupiter-engine-5.0.0.jar:5.0.0]
	at org.junit.jupiter.engine.descriptor.TestMethodTestDescriptor.invokeBeforeEachMethods(TestMethodTestDescriptor.java:131) ~[junit-jupiter-engine-5.0.0.jar:5.0.0]
	at org.junit.jupiter.engine.descriptor.TestMethodTestDescriptor.execute(TestMethodTestDescriptor.java:106) ~[junit-jupiter-engine-5.0.0.jar:5.0.0]
	at org.junit.jupiter.engine.descriptor.TestMethodTestDescriptor.execute(TestMethodTestDescriptor.java:57) ~[junit-jupiter-engine-5.0.0.jar:5.0.0]
	at org.junit.platform.engine.support.hierarchical.HierarchicalTestExecutor.lambda$execute$3(HierarchicalTestExecutor.java:83) ~[junit-platform-engine-1.0.0.jar:1.0.0]
	at org.junit.platform.engine.support.hierarchical.SingleTestExecutor.executeSafely(SingleTestExecutor.java:66) ~[junit-platform-engine-1.0.0.jar:1.0.0]
	at org.junit.platform.engine.support.hierarchical.HierarchicalTestExecutor.execute(HierarchicalTestExecutor.java:77) ~[junit-platform-engine-1.0.0.jar:1.0.0]
	at org.junit.platform.engine.support.hierarchical.HierarchicalTestExecutor.lambda$null$2(HierarchicalTestExecutor.java:92) ~[junit-platform-engine-1.0.0.jar:1.0.0]
	at java.util.stream.ForEachOps$ForEachOp$OfRef.accept(ForEachOps.java:183) ~[?:?]
	at java.util.stream.ReferencePipeline$2$1.accept(ReferencePipeline.java:177) ~[?:?]
	at java.util.Iterator.forEachRemaining(Iterator.java:133) ~[?:?]
	at java.util.Spliterators$IteratorSpliterator.forEachRemaining(Spliterators.java:1801) ~[?:?]
	at java.util.stream.AbstractPipeline.copyInto(AbstractPipeline.java:484) ~[?:?]
	at java.util.stream.AbstractPipeline.wrapAndCopyInto(AbstractPipeline.java:474) ~[?:?]
	at java.util.stream.ForEachOps$ForEachOp.evaluateSequential(ForEachOps.java:150) ~[?:?]
	at java.util.stream.ForEachOps$ForEachOp$OfRef.evaluateSequential(ForEachOps.java:173) ~[?:?]
	at java.util.stream.AbstractPipeline.evaluate(AbstractPipeline.java:234) ~[?:?]
	at java.util.stream.ReferencePipeline.forEach(ReferencePipeline.java:497) ~[?:?]
	at org.junit.platform.engine.support.hierarchical.HierarchicalTestExecutor.lambda$execute$3(HierarchicalTestExecutor.java:92) ~[junit-platform-engine-1.0.0.jar:1.0.0]
	at org.junit.platform.engine.support.hierarchical.SingleTestExecutor.executeSafely(SingleTestExecutor.java:66) ~[junit-platform-engine-1.0.0.jar:1.0.0]
	at org.junit.platform.engine.support.hierarchical.HierarchicalTestExecutor.execute(HierarchicalTestExecutor.java:77) ~[junit-platform-engine-1.0.0.jar:1.0.0]
	at org.junit.platform.engine.support.hierarchical.HierarchicalTestExecutor.lambda$null$2(HierarchicalTestExecutor.java:92) ~[junit-platform-engine-1.0.0.jar:1.0.0]
	at java.util.stream.ForEachOps$ForEachOp$OfRef.accept(ForEachOps.java:183) ~[?:?]
	at java.util.stream.ReferencePipeline$2$1.accept(ReferencePipeline.java:177) ~[?:?]
	at java.util.Iterator.forEachRemaining(Iterator.java:133) ~[?:?]
	at java.util.Spliterators$IteratorSpliterator.forEachRemaining(Spliterators.java:1801) ~[?:?]
	at java.util.stream.AbstractPipeline.copyInto(AbstractPipeline.java:484) ~[?:?]
	at java.util.stream.AbstractPipeline.wrapAndCopyInto(AbstractPipeline.java:474) ~[?:?]
	at java.util.stream.ForEachOps$ForEachOp.evaluateSequential(ForEachOps.java:150) ~[?:?]
	at java.util.stream.ForEachOps$ForEachOp$OfRef.evaluateSequential(ForEachOps.java:173) ~[?:?]
	at java.util.stream.AbstractPipeline.evaluate(AbstractPipeline.java:234) ~[?:?]
	at java.util.stream.ReferencePipeline.forEach(ReferencePipeline.java:497) ~[?:?]
	at org.junit.platform.engine.support.hierarchical.HierarchicalTestExecutor.lambda$execute$3(HierarchicalTestExecutor.java:92) ~[junit-platform-engine-1.0.0.jar:1.0.0]
	at org.junit.platform.engine.support.hierarchical.SingleTestExecutor.executeSafely(SingleTestExecutor.java:66) [junit-platform-engine-1.0.0.jar:1.0.0]
	at org.junit.platform.engine.support.hierarchical.HierarchicalTestExecutor.execute(HierarchicalTestExecutor.java:77) [junit-platform-engine-1.0.0.jar:1.0.0]
	at org.junit.platform.engine.support.hierarchical.HierarchicalTestExecutor.execute(HierarchicalTestExecutor.java:51) [junit-platform-engine-1.0.0.jar:1.0.0]
	at org.junit.platform.engine.support.hierarchical.HierarchicalTestEngine.execute(HierarchicalTestEngine.java:43) [junit-platform-engine-1.0.0.jar:1.0.0]
	at org.junit.platform.launcher.core.DefaultLauncher.execute(DefaultLauncher.java:170) [junit-platform-launcher-1.0.0.jar:1.0.0]
	at org.junit.platform.launcher.core.DefaultLauncher.execute(DefaultLauncher.java:154) [junit-platform-launcher-1.0.0.jar:1.0.0]
	at org.junit.platform.launcher.core.DefaultLauncher.execute(DefaultLauncher.java:90) [junit-platform-launcher-1.0.0.jar:1.0.0]
	at com.intellij.junit5.JUnit5IdeaTestRunner.startRunnerWithArgs(JUnit5IdeaTestRunner.java:57) [junit5-rt.jar:?]
	at com.intellij.rt.junit.IdeaTestRunner$Repeater$1.execute(IdeaTestRunner.java:38) [junit-rt.jar:?]
	at com.intellij.rt.execution.junit.TestsRepeater.repeat(TestsRepeater.java:11) [idea_rt.jar:?]
	at com.intellij.rt.junit.IdeaTestRunner$Repeater.startRunnerWithArgs(IdeaTestRunner.java:35) [junit-rt.jar:?]
	at com.intellij.rt.junit.JUnitStarter.prepareStreamsAndStart(JUnitStarter.java:232) [junit-rt.jar:?]
	at com.intellij.rt.junit.JUnitStarter.main(JUnitStarter.java:55) [junit-rt.jar:?]
[ERROR] 2024-12-12 09:01:09.025 [main] Database - Exception
java.lang.NullPointerException: null
	at java.lang.Class.forName0(Native Method) ~[?:?]
	at java.lang.Class.forName(Class.java:315) ~[?:?]
	at onlineplanner.persistence.TaskDAO.Database.connect(Database.java:77) ~[test-classes/:?]
	at onlineplanner.persistence.TaskDAO.Database.runSQL(Database.java:111) ~[test-classes/:?]
	at onlineplanner.util.UserDAOTest.setUp(UserDAOTest.java:29) ~[test-classes/:?]
	at jdk.internal.reflect.NativeMethodAccessorImpl.invoke0(Native Method) ~[?:?]
	at jdk.internal.reflect.NativeMethodAccessorImpl.invoke(NativeMethodAccessorImpl.java:62) ~[?:?]
	at jdk.internal.reflect.DelegatingMethodAccessorImpl.invoke(DelegatingMethodAccessorImpl.java:43) ~[?:?]
	at java.lang.reflect.Method.invoke(Method.java:566) ~[?:?]
	at org.junit.platform.commons.util.ReflectionUtils.invokeMethod(ReflectionUtils.java:389) ~[junit-platform-commons-1.0.0.jar:1.0.0]
	at org.junit.jupiter.engine.execution.ExecutableInvoker.invoke(ExecutableInvoker.java:115) ~[junit-jupiter-engine-5.0.0.jar:5.0.0]
	at org.junit.jupiter.engine.descriptor.ClassTestDescriptor.invokeMethodInExtensionContext(ClassTestDescriptor.java:289) ~[junit-jupiter-engine-5.0.0.jar:5.0.0]
	at org.junit.jupiter.engine.descriptor.ClassTestDescriptor.lambda$synthesizeBeforeEachMethodAdapter$11(ClassTestDescriptor.java:277) ~[junit-jupiter-engine-5.0.0.jar:5.0.0]
	at org.junit.jupiter.engine.descriptor.TestMethodTestDescriptor.lambda$null$2(TestMethodTestDescriptor.java:132) ~[junit-jupiter-engine-5.0.0.jar:5.0.0]
	at org.junit.jupiter.engine.execution.ThrowableCollector.execute(ThrowableCollector.java:40) ~[junit-jupiter-engine-5.0.0.jar:5.0.0]
	at org.junit.jupiter.engine.descriptor.TestMethodTestDescriptor.invokeBeforeMethodsOrCallbacksUntilExceptionOccurs(TestMethodTestDescriptor.java:152) ~[junit-jupiter-engine-5.0.0.jar:5.0.0]
	at org.junit.jupiter.engine.descriptor.TestMethodTestDescriptor.invokeBeforeEachMethods(TestMethodTestDescriptor.java:131) ~[junit-jupiter-engine-5.0.0.jar:5.0.0]
	at org.junit.jupiter.engine.descriptor.TestMethodTestDescriptor.execute(TestMethodTestDescriptor.java:106) ~[junit-jupiter-engine-5.0.0.jar:5.0.0]
	at org.junit.jupiter.engine.descriptor.TestMethodTestDescriptor.execute(TestMethodTestDescriptor.java:57) ~[junit-jupiter-engine-5.0.0.jar:5.0.0]
	at org.junit.platform.engine.support.hierarchical.HierarchicalTestExecutor.lambda$execute$3(HierarchicalTestExecutor.java:83) ~[junit-platform-engine-1.0.0.jar:1.0.0]
	at org.junit.platform.engine.support.hierarchical.SingleTestExecutor.executeSafely(SingleTestExecutor.java:66) ~[junit-platform-engine-1.0.0.jar:1.0.0]
	at org.junit.platform.engine.support.hierarchical.HierarchicalTestExecutor.execute(HierarchicalTestExecutor.java:77) ~[junit-platform-engine-1.0.0.jar:1.0.0]
	at org.junit.platform.engine.support.hierarchical.HierarchicalTestExecutor.lambda$null$2(HierarchicalTestExecutor.java:92) ~[junit-platform-engine-1.0.0.jar:1.0.0]
	at java.util.stream.ForEachOps$ForEachOp$OfRef.accept(ForEachOps.java:183) ~[?:?]
	at java.util.stream.ReferencePipeline$2$1.accept(ReferencePipeline.java:177) ~[?:?]
	at java.util.Iterator.forEachRemaining(Iterator.java:133) ~[?:?]
	at java.util.Spliterators$IteratorSpliterator.forEachRemaining(Spliterators.java:1801) ~[?:?]
	at java.util.stream.AbstractPipeline.copyInto(AbstractPipeline.java:484) ~[?:?]
	at java.util.stream.AbstractPipeline.wrapAndCopyInto(AbstractPipeline.java:474) ~[?:?]
	at java.util.stream.ForEachOps$ForEachOp.evaluateSequential(ForEachOps.java:150) ~[?:?]
	at java.util.stream.ForEachOps$ForEachOp$OfRef.evaluateSequential(ForEachOps.java:173) ~[?:?]
	at java.util.stream.AbstractPipeline.evaluate(AbstractPipeline.java:234) ~[?:?]
	at java.util.stream.ReferencePipeline.forEach(ReferencePipeline.java:497) ~[?:?]
	at org.junit.platform.engine.support.hierarchical.HierarchicalTestExecutor.lambda$execute$3(HierarchicalTestExecutor.java:92) ~[junit-platform-engine-1.0.0.jar:1.0.0]
	at org.junit.platform.engine.support.hierarchical.SingleTestExecutor.executeSafely(SingleTestExecutor.java:66) ~[junit-platform-engine-1.0.0.jar:1.0.0]
	at org.junit.platform.engine.support.hierarchical.HierarchicalTestExecutor.execute(HierarchicalTestExecutor.java:77) ~[junit-platform-engine-1.0.0.jar:1.0.0]
	at org.junit.platform.engine.support.hierarchical.HierarchicalTestExecutor.lambda$null$2(HierarchicalTestExecutor.java:92) ~[junit-platform-engine-1.0.0.jar:1.0.0]
	at java.util.stream.ForEachOps$ForEachOp$OfRef.accept(ForEachOps.java:183) ~[?:?]
	at java.util.stream.ReferencePipeline$2$1.accept(ReferencePipeline.java:177) ~[?:?]
	at java.util.Iterator.forEachRemaining(Iterator.java:133) ~[?:?]
	at java.util.Spliterators$IteratorSpliterator.forEachRemaining(Spliterators.java:1801) ~[?:?]
	at java.util.stream.AbstractPipeline.copyInto(AbstractPipeline.java:484) ~[?:?]
	at java.util.stream.AbstractPipeline.wrapAndCopyInto(AbstractPipeline.java:474) ~[?:?]
	at java.util.stream.ForEachOps$ForEachOp.evaluateSequential(ForEachOps.java:150) ~[?:?]
	at java.util.stream.ForEachOps$ForEachOp$OfRef.evaluateSequential(ForEachOps.java:173) ~[?:?]
	at java.util.stream.AbstractPipeline.evaluate(AbstractPipeline.java:234) ~[?:?]
	at java.util.stream.ReferencePipeline.forEach(ReferencePipeline.java:497) ~[?:?]
	at org.junit.platform.engine.support.hierarchical.HierarchicalTestExecutor.lambda$execute$3(HierarchicalTestExecutor.java:92) ~[junit-platform-engine-1.0.0.jar:1.0.0]
	at org.junit.platform.engine.support.hierarchical.SingleTestExecutor.executeSafely(SingleTestExecutor.java:66) [junit-platform-engine-1.0.0.jar:1.0.0]
	at org.junit.platform.engine.support.hierarchical.HierarchicalTestExecutor.execute(HierarchicalTestExecutor.java:77) [junit-platform-engine-1.0.0.jar:1.0.0]
	at org.junit.platform.engine.support.hierarchical.HierarchicalTestExecutor.execute(HierarchicalTestExecutor.java:51) [junit-platform-engine-1.0.0.jar:1.0.0]
	at org.junit.platform.engine.support.hierarchical.HierarchicalTestEngine.execute(HierarchicalTestEngine.java:43) [junit-platform-engine-1.0.0.jar:1.0.0]
	at org.junit.platform.launcher.core.DefaultLauncher.execute(DefaultLauncher.java:170) [junit-platform-launcher-1.0.0.jar:1.0.0]
	at org.junit.platform.launcher.core.DefaultLauncher.execute(DefaultLauncher.java:154) [junit-platform-launcher-1.0.0.jar:1.0.0]
	at org.junit.platform.launcher.core.DefaultLauncher.execute(DefaultLauncher.java:90) [junit-platform-launcher-1.0.0.jar:1.0.0]
	at com.intellij.junit5.JUnit5IdeaTestRunner.startRunnerWithArgs(JUnit5IdeaTestRunner.java:57) [junit5-rt.jar:?]
	at com.intellij.rt.junit.IdeaTestRunner$Repeater$1.execute(IdeaTestRunner.java:38) [junit-rt.jar:?]
	at com.intellij.rt.execution.junit.TestsRepeater.repeat(TestsRepeater.java:11) [idea_rt.jar:?]
	at com.intellij.rt.junit.IdeaTestRunner$Repeater.startRunnerWithArgs(IdeaTestRunner.java:35) [junit-rt.jar:?]
	at com.intellij.rt.junit.JUnitStarter.prepareStreamsAndStart(JUnitStarter.java:232) [junit-rt.jar:?]
	at com.intellij.rt.junit.JUnitStarter.main(JUnitStarter.java:55) [junit-rt.jar:?]
[ERROR] 2024-12-12 09:04:14.929 [main] Database - Exception
java.lang.NullPointerException: null
	at java.lang.Class.forName0(Native Method) ~[?:?]
	at java.lang.Class.forName(Class.java:315) ~[?:?]
	at onlineplanner.persistence.TaskDAO.Database.connect(Database.java:77) ~[test-classes/:?]
	at onlineplanner.persistence.TaskDAO.Database.runSQL(Database.java:111) ~[test-classes/:?]
	at onlineplanner.util.UserDAOTest.setUp(UserDAOTest.java:32) ~[test-classes/:?]
	at jdk.internal.reflect.NativeMethodAccessorImpl.invoke0(Native Method) ~[?:?]
	at jdk.internal.reflect.NativeMethodAccessorImpl.invoke(NativeMethodAccessorImpl.java:62) ~[?:?]
	at jdk.internal.reflect.DelegatingMethodAccessorImpl.invoke(DelegatingMethodAccessorImpl.java:43) ~[?:?]
	at java.lang.reflect.Method.invoke(Method.java:566) ~[?:?]
	at org.junit.platform.commons.util.ReflectionUtils.invokeMethod(ReflectionUtils.java:389) ~[junit-platform-commons-1.0.0.jar:1.0.0]
	at org.junit.jupiter.engine.execution.ExecutableInvoker.invoke(ExecutableInvoker.java:115) ~[junit-jupiter-engine-5.0.0.jar:5.0.0]
	at org.junit.jupiter.engine.descriptor.ClassTestDescriptor.invokeMethodInExtensionContext(ClassTestDescriptor.java:289) ~[junit-jupiter-engine-5.0.0.jar:5.0.0]
	at org.junit.jupiter.engine.descriptor.ClassTestDescriptor.lambda$synthesizeBeforeEachMethodAdapter$11(ClassTestDescriptor.java:277) ~[junit-jupiter-engine-5.0.0.jar:5.0.0]
	at org.junit.jupiter.engine.descriptor.TestMethodTestDescriptor.lambda$null$2(TestMethodTestDescriptor.java:132) ~[junit-jupiter-engine-5.0.0.jar:5.0.0]
	at org.junit.jupiter.engine.execution.ThrowableCollector.execute(ThrowableCollector.java:40) ~[junit-jupiter-engine-5.0.0.jar:5.0.0]
	at org.junit.jupiter.engine.descriptor.TestMethodTestDescriptor.invokeBeforeMethodsOrCallbacksUntilExceptionOccurs(TestMethodTestDescriptor.java:152) ~[junit-jupiter-engine-5.0.0.jar:5.0.0]
	at org.junit.jupiter.engine.descriptor.TestMethodTestDescriptor.invokeBeforeEachMethods(TestMethodTestDescriptor.java:131) ~[junit-jupiter-engine-5.0.0.jar:5.0.0]
	at org.junit.jupiter.engine.descriptor.TestMethodTestDescriptor.execute(TestMethodTestDescriptor.java:106) ~[junit-jupiter-engine-5.0.0.jar:5.0.0]
	at org.junit.jupiter.engine.descriptor.TestMethodTestDescriptor.execute(TestMethodTestDescriptor.java:57) ~[junit-jupiter-engine-5.0.0.jar:5.0.0]
	at org.junit.platform.engine.support.hierarchical.HierarchicalTestExecutor.lambda$execute$3(HierarchicalTestExecutor.java:83) ~[junit-platform-engine-1.0.0.jar:1.0.0]
	at org.junit.platform.engine.support.hierarchical.SingleTestExecutor.executeSafely(SingleTestExecutor.java:66) ~[junit-platform-engine-1.0.0.jar:1.0.0]
	at org.junit.platform.engine.support.hierarchical.HierarchicalTestExecutor.execute(HierarchicalTestExecutor.java:77) ~[junit-platform-engine-1.0.0.jar:1.0.0]
	at org.junit.platform.engine.support.hierarchical.HierarchicalTestExecutor.lambda$null$2(HierarchicalTestExecutor.java:92) ~[junit-platform-engine-1.0.0.jar:1.0.0]
	at java.util.stream.ForEachOps$ForEachOp$OfRef.accept(ForEachOps.java:183) ~[?:?]
	at java.util.stream.ReferencePipeline$2$1.accept(ReferencePipeline.java:177) ~[?:?]
	at java.util.Iterator.forEachRemaining(Iterator.java:133) ~[?:?]
	at java.util.Spliterators$IteratorSpliterator.forEachRemaining(Spliterators.java:1801) ~[?:?]
	at java.util.stream.AbstractPipeline.copyInto(AbstractPipeline.java:484) ~[?:?]
	at java.util.stream.AbstractPipeline.wrapAndCopyInto(AbstractPipeline.java:474) ~[?:?]
	at java.util.stream.ForEachOps$ForEachOp.evaluateSequential(ForEachOps.java:150) ~[?:?]
	at java.util.stream.ForEachOps$ForEachOp$OfRef.evaluateSequential(ForEachOps.java:173) ~[?:?]
	at java.util.stream.AbstractPipeline.evaluate(AbstractPipeline.java:234) ~[?:?]
	at java.util.stream.ReferencePipeline.forEach(ReferencePipeline.java:497) ~[?:?]
	at org.junit.platform.engine.support.hierarchical.HierarchicalTestExecutor.lambda$execute$3(HierarchicalTestExecutor.java:92) ~[junit-platform-engine-1.0.0.jar:1.0.0]
	at org.junit.platform.engine.support.hierarchical.SingleTestExecutor.executeSafely(SingleTestExecutor.java:66) ~[junit-platform-engine-1.0.0.jar:1.0.0]
	at org.junit.platform.engine.support.hierarchical.HierarchicalTestExecutor.execute(HierarchicalTestExecutor.java:77) ~[junit-platform-engine-1.0.0.jar:1.0.0]
	at org.junit.platform.engine.support.hierarchical.HierarchicalTestExecutor.lambda$null$2(HierarchicalTestExecutor.java:92) ~[junit-platform-engine-1.0.0.jar:1.0.0]
	at java.util.stream.ForEachOps$ForEachOp$OfRef.accept(ForEachOps.java:183) ~[?:?]
	at java.util.stream.ReferencePipeline$2$1.accept(ReferencePipeline.java:177) ~[?:?]
	at java.util.Iterator.forEachRemaining(Iterator.java:133) ~[?:?]
	at java.util.Spliterators$IteratorSpliterator.forEachRemaining(Spliterators.java:1801) ~[?:?]
	at java.util.stream.AbstractPipeline.copyInto(AbstractPipeline.java:484) ~[?:?]
	at java.util.stream.AbstractPipeline.wrapAndCopyInto(AbstractPipeline.java:474) ~[?:?]
	at java.util.stream.ForEachOps$ForEachOp.evaluateSequential(ForEachOps.java:150) ~[?:?]
	at java.util.stream.ForEachOps$ForEachOp$OfRef.evaluateSequential(ForEachOps.java:173) ~[?:?]
	at java.util.stream.AbstractPipeline.evaluate(AbstractPipeline.java:234) ~[?:?]
	at java.util.stream.ReferencePipeline.forEach(ReferencePipeline.java:497) ~[?:?]
	at org.junit.platform.engine.support.hierarchical.HierarchicalTestExecutor.lambda$execute$3(HierarchicalTestExecutor.java:92) ~[junit-platform-engine-1.0.0.jar:1.0.0]
	at org.junit.platform.engine.support.hierarchical.SingleTestExecutor.executeSafely(SingleTestExecutor.java:66) [junit-platform-engine-1.0.0.jar:1.0.0]
	at org.junit.platform.engine.support.hierarchical.HierarchicalTestExecutor.execute(HierarchicalTestExecutor.java:77) [junit-platform-engine-1.0.0.jar:1.0.0]
	at org.junit.platform.engine.support.hierarchical.HierarchicalTestExecutor.execute(HierarchicalTestExecutor.java:51) [junit-platform-engine-1.0.0.jar:1.0.0]
	at org.junit.platform.engine.support.hierarchical.HierarchicalTestEngine.execute(HierarchicalTestEngine.java:43) [junit-platform-engine-1.0.0.jar:1.0.0]
	at org.junit.platform.launcher.core.DefaultLauncher.execute(DefaultLauncher.java:170) [junit-platform-launcher-1.0.0.jar:1.0.0]
	at org.junit.platform.launcher.core.DefaultLauncher.execute(DefaultLauncher.java:154) [junit-platform-launcher-1.0.0.jar:1.0.0]
	at org.junit.platform.launcher.core.DefaultLauncher.execute(DefaultLauncher.java:90) [junit-platform-launcher-1.0.0.jar:1.0.0]
	at com.intellij.junit5.JUnit5IdeaTestRunner.startRunnerWithArgs(JUnit5IdeaTestRunner.java:57) [junit5-rt.jar:?]
	at com.intellij.rt.junit.IdeaTestRunner$Repeater$1.execute(IdeaTestRunner.java:38) [junit-rt.jar:?]
	at com.intellij.rt.execution.junit.TestsRepeater.repeat(TestsRepeater.java:11) [idea_rt.jar:?]
	at com.intellij.rt.junit.IdeaTestRunner$Repeater.startRunnerWithArgs(IdeaTestRunner.java:35) [junit-rt.jar:?]
	at com.intellij.rt.junit.JUnitStarter.prepareStreamsAndStart(JUnitStarter.java:232) [junit-rt.jar:?]
	at com.intellij.rt.junit.JUnitStarter.main(JUnitStarter.java:55) [junit-rt.jar:?]
[DEBUG] 2024-12-12 09:07:28.543 [main] GenericDAO - Searching for entities with dueDate = 2024-12-15
[DEBUG] 2024-12-12 09:07:29.440 [main] GenericDAO - Searching for entities with todoDate = 2024-12-15
[DEBUG] 2024-12-12 09:07:29.592 [main] GenericDAO - Searching for entities with title = Read
[DEBUG] 2024-12-12 09:07:29.877 [main] GenericDAO - Searching for entities with title = Complete Homework
[DEBUG] 2024-12-12 09:07:30.558 [main] GenericDAO - Searching for entities with username = john
[DEBUG] 2024-12-12 09:07:30.861 [main] GenericDAO - Searching for entities with username = john_doe
[DEBUG] 2024-12-12 09:26:11.996 [main] GenericDAO - Searching for entities with dueDate = 2024-12-15
[DEBUG] 2024-12-12 09:26:12.929 [main] GenericDAO - Searching for entities with todoDate = 2024-12-15
[DEBUG] 2024-12-12 09:26:13.071 [main] GenericDAO - Searching for entities with title = Read
[DEBUG] 2024-12-12 09:26:13.382 [main] GenericDAO - Searching for entities with title = Complete Homework
[DEBUG] 2024-12-12 09:26:14.003 [main] GenericDAO - Searching for entities with username = john
[DEBUG] 2024-12-12 09:26:14.265 [main] GenericDAO - Searching for entities with username = john_doe
[DEBUG] 2024-12-12 09:44:02.810 [main] UserDAOTest - [User{id=1, username='john_doe', email='john.doe@example.com'}, User{id=2, username='no_one', email='no.one@example.com'}, User{id=3, username='molly_mccarthy', email='molly.mccarthy@example.com'}, User{id=4, username='russ_hawley', email='russ_hawley@example.com'}, User{id=5, username='martha_marble', email='martha_marble@example.com'}]
[DEBUG] 2024-12-12 09:44:37.052 [main] GenericDAO - Searching for entities with dueDate = 2024-12-15
[DEBUG] 2024-12-12 09:44:38.021 [main] GenericDAO - Searching for entities with todoDate = 2024-12-15
[DEBUG] 2024-12-12 09:44:38.163 [main] GenericDAO - Searching for entities with title = Read
[DEBUG] 2024-12-12 09:44:38.458 [main] GenericDAO - Searching for entities with title = Complete Homework
[DEBUG] 2024-12-12 09:44:38.784 [main] UserDAOTest - [User{id=1, username='john_doe', email='john.doe@example.com'}, User{id=2, username='no_one', email='no.one@example.com'}, User{id=3, username='molly_mccarthy', email='molly.mccarthy@example.com'}, User{id=4, username='russ_hawley', email='russ_hawley@example.com'}, User{id=5, username='martha_marble', email='martha_marble@example.com'}]
[DEBUG] 2024-12-12 09:44:39.085 [main] GenericDAO - Searching for entities with username = john
[DEBUG] 2024-12-12 09:44:39.373 [main] GenericDAO - Searching for entities with username = john_doe
[DEBUG] 2024-12-12 09:44:39.811 [main] GenericDAO - Searching for entities with user = User{id=5, username='martha_marble', email='martha_marble@example.com'}
[DEBUG] 2024-12-12 09:48:22.137 [main] GenericDAO - Searching for entities with dueDate = 2024-12-15
[DEBUG] 2024-12-12 09:48:23.095 [main] GenericDAO - Searching for entities with todoDate = 2024-12-15
[DEBUG] 2024-12-12 09:48:23.246 [main] GenericDAO - Searching for entities with title = Read
[DEBUG] 2024-12-12 09:48:23.530 [main] GenericDAO - Searching for entities with title = Complete Homework
[DEBUG] 2024-12-12 09:48:23.868 [main] UserDAOTest - [User{id=1, username='john_doe', email='john.doe@example.com'}, User{id=2, username='no_one', email='no.one@example.com'}, User{id=3, username='molly_mccarthy', email='molly.mccarthy@example.com'}, User{id=4, username='russ_hawley', email='russ_hawley@example.com'}, User{id=5, username='martha_marble', email='martha_marble@example.com'}]
[DEBUG] 2024-12-12 09:48:24.164 [main] GenericDAO - Searching for entities with username = john
[DEBUG] 2024-12-12 09:48:24.470 [main] GenericDAO - Searching for entities with username = john_doe
[DEBUG] 2024-12-12 09:48:24.910 [main] GenericDAO - Searching for entities with user = User{id=5, username='martha_marble', email='martha_marble@example.com'}
[DEBUG] 2024-12-12 09:49:07.739 [main] GenericDAO - Searching for entities with dueDate = 2024-12-15
[DEBUG] 2024-12-12 09:49:08.659 [main] GenericDAO - Searching for entities with todoDate = 2024-12-15
[DEBUG] 2024-12-12 09:49:08.810 [main] GenericDAO - Searching for entities with title = Read
[DEBUG] 2024-12-12 09:49:09.105 [main] GenericDAO - Searching for entities with title = Complete Homework
[DEBUG] 2024-12-12 09:49:09.445 [main] UserDAOTest - [User{id=1, username='john_doe', email='john.doe@example.com'}, User{id=2, username='no_one', email='no.one@example.com'}, User{id=3, username='molly_mccarthy', email='molly.mccarthy@example.com'}, User{id=4, username='russ_hawley', email='russ_hawley@example.com'}, User{id=5, username='martha_marble', email='martha_marble@example.com'}]
[DEBUG] 2024-12-12 09:49:09.743 [main] GenericDAO - Searching for entities with username = john
[DEBUG] 2024-12-12 09:49:10.046 [main] GenericDAO - Searching for entities with username = john_doe
[DEBUG] 2024-12-12 09:49:10.480 [main] GenericDAO - Searching for entities with user = User{id=5, username='martha_marble', email='martha_marble@example.com'}
[DEBUG] 2024-12-12 09:49:53.890 [http-nio-8080-exec-6] ShowTasks - [Task{id=4, title='Doctor appointment', description='Annual check-up at 10:00 AM', todoDate=2024-12-12, dueDate=2024-12-12, user=User{id=1, username='john_doe', email='john.doe@example.com'}}]
[DEBUG] 2024-12-12 09:49:53.903 [http-nio-8080-exec-6] ShowTasks - [Task{id=4, title='Doctor appointment', description='Annual check-up at 10:00 AM', todoDate=2024-12-12, dueDate=2024-12-12, user=User{id=1, username='john_doe', email='john.doe@example.com'}}]
[DEBUG] 2024-12-12 09:49:53.903 [http-nio-8080-exec-6] ShowTasks - [Task{id=1, title='Complete homework', description='Finish the math and science assignments', todoDate=2024-12-09, dueDate=2024-12-11, user=User{id=1, username='john_doe', email='john.doe@example.com'}}, Task{id=2, title='Grocery shopping', description='Buy milk, eggs, bread, and coffee', todoDate=2024-12-10, dueDate=2024-12-10, user=User{id=1, username='john_doe', email='john.doe@example.com'}}, Task{id=3, title='Team meeting', description='Discuss the Q4 project goals and deliverables', todoDate=2024-12-11, dueDate=2024-12-11, user=User{id=1, username='john_doe', email='john.doe@example.com'}}, Task{id=4, title='Doctor appointment', description='Annual check-up at 10:00 AM', todoDate=2024-12-12, dueDate=2024-12-12, user=User{id=1, username='john_doe', email='john.doe@example.com'}}, Task{id=5, title='Read', description='Read the first 50 pages of "The Great Gatsby"', todoDate=2024-12-13, dueDate=2024-12-15, user=User{id=1, username='john_doe', email='john.doe@example.com'}}, Task{id=6, title='Prepare presentation', description='Prepare slides for the sales pitch', todoDate=2024-12-14, dueDate=2024-12-15, user=User{id=1, username='john_doe', email='john.doe@example.com'}}, Task{id=7, title='Submit report', description='Submit the weekly progress report to the manager', todoDate=2024-12-15, dueDate=2024-12-15, user=User{id=3, username='molly_mccarthy', email='molly.mccarthy@example.com'}}, Task{id=8, title='Plan weekend trip', description='Research destinations and book tickets for a short vacation', todoDate=2024-12-16, dueDate=2024-12-17, user=User{id=3, username='molly_mccarthy', email='molly.mccarthy@example.com'}}, Task{id=9, title='Fix leaking faucet', description='Replace washer and check for any other leaks', todoDate=2024-12-17, dueDate=2024-12-18, user=User{id=5, username='martha_marble', email='martha_marble@example.com'}}, Task{id=10, title='Practice piano', description='Practice for at least 30 minutes', todoDate=2024-12-18, dueDate=2024-12-19, user=User{id=5, username='martha_marble', email='martha_marble@example.com'}}]
[DEBUG] 2024-12-12 09:58:19.256 [http-nio-8080-exec-9] ShowTasks - [Task{id=4, title='Doctor appointment', description='Annual check-up at 10:00 AM', todoDate=2024-12-12, dueDate=2024-12-12, user=User{id=1, username='john_doe', email='john.doe@example.com'}}]
[DEBUG] 2024-12-12 09:58:19.257 [http-nio-8080-exec-9] ShowTasks - [Task{id=4, title='Doctor appointment', description='Annual check-up at 10:00 AM', todoDate=2024-12-12, dueDate=2024-12-12, user=User{id=1, username='john_doe', email='john.doe@example.com'}}]
[DEBUG] 2024-12-12 09:58:19.257 [http-nio-8080-exec-9] ShowTasks - [Task{id=1, title='Complete homework', description='Finish the math and science assignments', todoDate=2024-12-09, dueDate=2024-12-11, user=User{id=1, username='john_doe', email='john.doe@example.com'}}, Task{id=2, title='Grocery shopping', description='Buy milk, eggs, bread, and coffee', todoDate=2024-12-10, dueDate=2024-12-10, user=User{id=1, username='john_doe', email='john.doe@example.com'}}, Task{id=3, title='Team meeting', description='Discuss the Q4 project goals and deliverables', todoDate=2024-12-11, dueDate=2024-12-11, user=User{id=1, username='john_doe', email='john.doe@example.com'}}, Task{id=4, title='Doctor appointment', description='Annual check-up at 10:00 AM', todoDate=2024-12-12, dueDate=2024-12-12, user=User{id=1, username='john_doe', email='john.doe@example.com'}}, Task{id=5, title='Read', description='Read the first 50 pages of "The Great Gatsby"', todoDate=2024-12-13, dueDate=2024-12-15, user=User{id=1, username='john_doe', email='john.doe@example.com'}}, Task{id=6, title='Prepare presentation', description='Prepare slides for the sales pitch', todoDate=2024-12-14, dueDate=2024-12-15, user=User{id=1, username='john_doe', email='john.doe@example.com'}}, Task{id=7, title='Submit report', description='Submit the weekly progress report to the manager', todoDate=2024-12-15, dueDate=2024-12-15, user=User{id=3, username='molly_mccarthy', email='molly.mccarthy@example.com'}}, Task{id=8, title='Plan weekend trip', description='Research destinations and book tickets for a short vacation', todoDate=2024-12-16, dueDate=2024-12-17, user=User{id=3, username='molly_mccarthy', email='molly.mccarthy@example.com'}}, Task{id=9, title='Fix leaking faucet', description='Replace washer and check for any other leaks', todoDate=2024-12-17, dueDate=2024-12-18, user=User{id=5, username='martha_marble', email='martha_marble@example.com'}}, Task{id=10, title='Practice piano', description='Practice for at least 30 minutes', todoDate=2024-12-18, dueDate=2024-12-19, user=User{id=5, username='martha_marble', email='martha_marble@example.com'}}]
[DEBUG] 2024-12-12 10:08:39.389 [main] GenericDAO - Searching for entities with dueDate = 2024-12-15
[DEBUG] 2024-12-12 10:08:40.395 [main] GenericDAO - Searching for entities with todoDate = 2024-12-15
[DEBUG] 2024-12-12 10:08:40.565 [main] GenericDAO - Searching for entities with title = Read
[DEBUG] 2024-12-12 10:08:40.860 [main] GenericDAO - Searching for entities with title = Complete Homework
[DEBUG] 2024-12-12 10:08:41.199 [main] UserDAOTest - [User{id=1, username='john_doe', email='john.doe@example.com'}, User{id=2, username='no_one', email='no.one@example.com'}, User{id=3, username='molly_mccarthy', email='molly.mccarthy@example.com'}, User{id=4, username='russ_hawley', email='russ_hawley@example.com'}, User{id=5, username='martha_marble', email='martha_marble@example.com'}]
[DEBUG] 2024-12-12 10:08:41.510 [main] GenericDAO - Searching for entities with username = john
[DEBUG] 2024-12-12 10:08:41.776 [main] GenericDAO - Searching for entities with username = john_doe
[DEBUG] 2024-12-12 10:08:42.178 [main] GenericDAO - Searching for entities with user = User{id=5, username='martha_marble', email='martha_marble@example.com'}
[DEBUG] 2024-12-12 10:18:01.612 [main] GenericDAO - Searching for entities with dueDate = 2024-12-15
[DEBUG] 2024-12-12 10:18:02.557 [main] GenericDAO - Searching for entities with todoDate = 2024-12-15
[DEBUG] 2024-12-12 10:18:02.713 [main] GenericDAO - Searching for entities with title = Read
[DEBUG] 2024-12-12 10:18:03.004 [main] GenericDAO - Searching for entities with title = Complete Homework
[DEBUG] 2024-12-12 10:18:03.345 [main] UserDAOTest - [User{id=1, username='john_doe', email='john.doe@example.com'}, User{id=2, username='no_one', email='no.one@example.com'}, User{id=3, username='molly_mccarthy', email='molly.mccarthy@example.com'}, User{id=4, username='russ_hawley', email='russ_hawley@example.com'}, User{id=5, username='martha_marble', email='martha_marble@example.com'}]
[DEBUG] 2024-12-12 10:18:03.683 [main] GenericDAO - Searching for entities with username = john
[DEBUG] 2024-12-12 10:18:03.977 [main] GenericDAO - Searching for entities with username = john_doe
[DEBUG] 2024-12-12 10:18:04.414 [main] GenericDAO - Searching for entities with user = User{id=5, username='martha_marble', email='martha_marble@example.com'}
[DEBUG] 2024-12-12 10:25:36.800 [main] GenericDAO - Searching for entities with dueDate = 2024-12-15
[DEBUG] 2024-12-12 10:25:37.732 [main] GenericDAO - Searching for entities with todoDate = 2024-12-15
[DEBUG] 2024-12-12 10:25:37.887 [main] GenericDAO - Searching for entities with title = Read
[DEBUG] 2024-12-12 10:25:38.172 [main] GenericDAO - Searching for entities with title = Complete Homework
[DEBUG] 2024-12-12 10:25:38.505 [main] UserDAOTest - [User{id=1, username='john_doe', email='john.doe@example.com'}, User{id=2, username='no_one', email='no.one@example.com'}, User{id=3, username='molly_mccarthy', email='molly.mccarthy@example.com'}, User{id=4, username='russ_hawley', email='russ_hawley@example.com'}, User{id=5, username='martha_marble', email='martha_marble@example.com'}]
[DEBUG] 2024-12-12 10:25:38.807 [main] GenericDAO - Searching for entities with username = john
[DEBUG] 2024-12-12 10:25:39.069 [main] GenericDAO - Searching for entities with username = john_doe
[DEBUG] 2024-12-12 10:25:39.489 [main] GenericDAO - Searching for entities with user = User{id=5, username='martha_marble', email='martha_marble@example.com'}
[DEBUG] 2024-12-12 10:30:14.727 [main] GenericDAO - Searching for entities with dueDate = 2024-12-15
[DEBUG] 2024-12-12 10:30:15.707 [main] GenericDAO - Searching for entities with todoDate = 2024-12-15
[DEBUG] 2024-12-12 10:30:15.863 [main] GenericDAO - Searching for entities with title = Read
[DEBUG] 2024-12-12 10:30:16.140 [main] GenericDAO - Searching for entities with title = Complete Homework
[DEBUG] 2024-12-12 10:30:16.457 [main] UserDAOTest - [User{id=1, username='john_doe', email='john.doe@example.com'}, User{id=2, username='no_one', email='no.one@example.com'}, User{id=3, username='molly_mccarthy', email='molly.mccarthy@example.com'}, User{id=4, username='russ_hawley', email='russ_hawley@example.com'}, User{id=5, username='martha_marble', email='martha_marble@example.com'}]
[DEBUG] 2024-12-12 10:30:16.763 [main] GenericDAO - Searching for entities with username = john
[DEBUG] 2024-12-12 10:30:17.035 [main] GenericDAO - Searching for entities with username = john_doe
[DEBUG] 2024-12-12 10:30:17.460 [main] GenericDAO - Searching for entities with user = User{id=5, username='martha_marble', email='martha_marble@example.com'}
